2016-04-12 10:10:59,075 - Log4JLogChute initialized using file 'velocity.log'
2016-04-12 10:10:59,076 - Initializing Velocity, Calling init()...
2016-04-12 10:10:59,076 - Starting Apache Velocity v1.7 (compiled: 2010-11-19 12:14:37)
2016-04-12 10:10:59,076 - Default Properties File: org\apache\velocity\runtime\defaults\velocity.properties
2016-04-12 10:10:59,076 - Trying to use logger class org.apache.velocity.runtime.log.AvalonLogChute
2016-04-12 10:10:59,076 - Target log system for org.apache.velocity.runtime.log.AvalonLogChute is not available (java.lang.NoClassDefFoundError: org/apache/log/format/Formatter).  Falling back to next log system...
2016-04-12 10:10:59,076 - Trying to use logger class org.apache.velocity.runtime.log.Log4JLogChute
2016-04-12 10:10:59,076 - Using logger class org.apache.velocity.runtime.log.Log4JLogChute
2016-04-12 10:10:59,079 - ResourceLoader instantiated: org.apache.velocity.runtime.resource.loader.ClasspathResourceLoader
2016-04-12 10:10:59,093 - ResourceCache: initialized (class org.apache.velocity.runtime.resource.ResourceCacheImpl) with class java.util.Collections$SynchronizedMap cache map.
2016-04-12 10:10:59,094 - Loaded System Directive: org.apache.velocity.runtime.directive.Stop
2016-04-12 10:10:59,096 - Loaded System Directive: org.apache.velocity.runtime.directive.Define
2016-04-12 10:10:59,096 - Loaded System Directive: org.apache.velocity.runtime.directive.Break
2016-04-12 10:10:59,097 - Loaded System Directive: org.apache.velocity.runtime.directive.Evaluate
2016-04-12 10:10:59,098 - Loaded System Directive: org.apache.velocity.runtime.directive.Literal
2016-04-12 10:10:59,099 - Loaded System Directive: org.apache.velocity.runtime.directive.Macro
2016-04-12 10:10:59,100 - Loaded System Directive: org.apache.velocity.runtime.directive.Parse
2016-04-12 10:10:59,102 - Loaded System Directive: org.apache.velocity.runtime.directive.Include
2016-04-12 10:10:59,104 - Loaded System Directive: org.apache.velocity.runtime.directive.Foreach
2016-04-12 10:10:59,133 - Created '20' parsers.
2016-04-12 10:10:59,142 - Velocimacro : "velocimacro.library" is not set.  Trying default library: VM_global_library.vm
2016-04-12 10:10:59,143 - Could not load resource 'VM_global_library.vm' from ResourceLoader org.apache.velocity.runtime.resource.loader.ClasspathResourceLoader: ClasspathResourceLoader Error: cannot find resource VM_global_library.vm
2016-04-12 10:10:59,143 - Velocimacro : Default library not found.
2016-04-12 10:10:59,143 - Velocimacro : allowInline = true : VMs can be defined inline in templates
2016-04-12 10:10:59,143 - Velocimacro : allowInlineToOverride = false : VMs defined inline may NOT replace previous VM definitions
2016-04-12 10:10:59,143 - Velocimacro : allowInlineLocal = false : VMs defined inline will be global in scope if allowed.
2016-04-12 10:10:59,143 - Velocimacro : autoload off : VM system will not automatically reload global library macros
2016-04-12 10:10:59,145 - ResourceManager : unable to find resource 'hellovelocity.vm' in any resource loader.
2016-04-12 10:11:27,816 - Log4JLogChute initialized using file 'velocity.log'
2016-04-12 10:11:27,817 - Initializing Velocity, Calling init()...
2016-04-12 10:11:27,817 - Starting Apache Velocity v1.7 (compiled: 2010-11-19 12:14:37)
2016-04-12 10:11:27,817 - Default Properties File: org\apache\velocity\runtime\defaults\velocity.properties
2016-04-12 10:11:27,817 - Trying to use logger class org.apache.velocity.runtime.log.AvalonLogChute
2016-04-12 10:11:27,817 - Target log system for org.apache.velocity.runtime.log.AvalonLogChute is not available (java.lang.NoClassDefFoundError: org/apache/log/format/Formatter).  Falling back to next log system...
2016-04-12 10:11:27,817 - Trying to use logger class org.apache.velocity.runtime.log.Log4JLogChute
2016-04-12 10:11:27,817 - Using logger class org.apache.velocity.runtime.log.Log4JLogChute
2016-04-12 10:11:27,820 - ResourceLoader instantiated: org.apache.velocity.runtime.resource.loader.ClasspathResourceLoader
2016-04-12 10:11:27,834 - ResourceCache: initialized (class org.apache.velocity.runtime.resource.ResourceCacheImpl) with class java.util.Collections$SynchronizedMap cache map.
2016-04-12 10:11:27,835 - Loaded System Directive: org.apache.velocity.runtime.directive.Stop
2016-04-12 10:11:27,837 - Loaded System Directive: org.apache.velocity.runtime.directive.Define
2016-04-12 10:11:27,837 - Loaded System Directive: org.apache.velocity.runtime.directive.Break
2016-04-12 10:11:27,838 - Loaded System Directive: org.apache.velocity.runtime.directive.Evaluate
2016-04-12 10:11:27,839 - Loaded System Directive: org.apache.velocity.runtime.directive.Literal
2016-04-12 10:11:27,840 - Loaded System Directive: org.apache.velocity.runtime.directive.Macro
2016-04-12 10:11:27,841 - Loaded System Directive: org.apache.velocity.runtime.directive.Parse
2016-04-12 10:11:27,843 - Loaded System Directive: org.apache.velocity.runtime.directive.Include
2016-04-12 10:11:27,844 - Loaded System Directive: org.apache.velocity.runtime.directive.Foreach
2016-04-12 10:11:27,872 - Created '20' parsers.
2016-04-12 10:11:27,881 - Velocimacro : "velocimacro.library" is not set.  Trying default library: VM_global_library.vm
2016-04-12 10:11:27,882 - Could not load resource 'VM_global_library.vm' from ResourceLoader org.apache.velocity.runtime.resource.loader.ClasspathResourceLoader: ClasspathResourceLoader Error: cannot find resource VM_global_library.vm
2016-04-12 10:11:27,882 - Velocimacro : Default library not found.
2016-04-12 10:11:27,882 - Velocimacro : allowInline = true : VMs can be defined inline in templates
2016-04-12 10:11:27,882 - Velocimacro : allowInlineToOverride = false : VMs defined inline may NOT replace previous VM definitions
2016-04-12 10:11:27,882 - Velocimacro : allowInlineLocal = false : VMs defined inline will be global in scope if allowed.
2016-04-12 10:11:27,882 - Velocimacro : autoload off : VM system will not automatically reload global library macros
2016-04-12 10:11:27,915 - ResourceManager : unable to find resource 'hellovelocity.vm' in any resource loader.
2016-04-12 10:12:52,807 - Log4JLogChute initialized using file 'velocity.log'
2016-04-12 10:12:52,808 - Initializing Velocity, Calling init()...
2016-04-12 10:12:52,808 - Starting Apache Velocity v1.7 (compiled: 2010-11-19 12:14:37)
2016-04-12 10:12:52,808 - Default Properties File: org\apache\velocity\runtime\defaults\velocity.properties
2016-04-12 10:12:52,808 - Trying to use logger class org.apache.velocity.runtime.log.AvalonLogChute
2016-04-12 10:12:52,808 - Target log system for org.apache.velocity.runtime.log.AvalonLogChute is not available (java.lang.NoClassDefFoundError: org/apache/log/format/Formatter).  Falling back to next log system...
2016-04-12 10:12:52,808 - Trying to use logger class org.apache.velocity.runtime.log.Log4JLogChute
2016-04-12 10:12:52,808 - Using logger class org.apache.velocity.runtime.log.Log4JLogChute
2016-04-12 10:12:52,811 - ResourceLoader instantiated: org.apache.velocity.runtime.resource.loader.ClasspathResourceLoader
2016-04-12 10:12:52,825 - ResourceCache: initialized (class org.apache.velocity.runtime.resource.ResourceCacheImpl) with class java.util.Collections$SynchronizedMap cache map.
2016-04-12 10:12:52,828 - Loaded System Directive: org.apache.velocity.runtime.directive.Stop
2016-04-12 10:12:52,829 - Loaded System Directive: org.apache.velocity.runtime.directive.Define
2016-04-12 10:12:52,830 - Loaded System Directive: org.apache.velocity.runtime.directive.Break
2016-04-12 10:12:52,830 - Loaded System Directive: org.apache.velocity.runtime.directive.Evaluate
2016-04-12 10:12:52,831 - Loaded System Directive: org.apache.velocity.runtime.directive.Literal
2016-04-12 10:12:52,832 - Loaded System Directive: org.apache.velocity.runtime.directive.Macro
2016-04-12 10:12:52,834 - Loaded System Directive: org.apache.velocity.runtime.directive.Parse
2016-04-12 10:12:52,835 - Loaded System Directive: org.apache.velocity.runtime.directive.Include
2016-04-12 10:12:52,836 - Loaded System Directive: org.apache.velocity.runtime.directive.Foreach
2016-04-12 10:12:52,867 - Created '20' parsers.
2016-04-12 10:12:52,876 - Velocimacro : "velocimacro.library" is not set.  Trying default library: VM_global_library.vm
2016-04-12 10:12:52,877 - Could not load resource 'VM_global_library.vm' from ResourceLoader org.apache.velocity.runtime.resource.loader.ClasspathResourceLoader: ClasspathResourceLoader Error: cannot find resource VM_global_library.vm
2016-04-12 10:12:52,877 - Velocimacro : Default library not found.
2016-04-12 10:12:52,877 - Velocimacro : allowInline = true : VMs can be defined inline in templates
2016-04-12 10:12:52,877 - Velocimacro : allowInlineToOverride = false : VMs defined inline may NOT replace previous VM definitions
2016-04-12 10:12:52,877 - Velocimacro : allowInlineLocal = false : VMs defined inline will be global in scope if allowed.
2016-04-12 10:12:52,877 - Velocimacro : autoload off : VM system will not automatically reload global library macros
2016-04-12 10:12:52,879 - ResourceManager : unable to find resource '/mysource/busi/volecity/hellovelocity.vm' in any resource loader.
2016-04-12 10:13:18,140 - Log4JLogChute initialized using file 'velocity.log'
2016-04-12 10:13:18,140 - Initializing Velocity, Calling init()...
2016-04-12 10:13:18,140 - Starting Apache Velocity v1.7 (compiled: 2010-11-19 12:14:37)
2016-04-12 10:13:18,140 - Default Properties File: org\apache\velocity\runtime\defaults\velocity.properties
2016-04-12 10:13:18,141 - Trying to use logger class org.apache.velocity.runtime.log.AvalonLogChute
2016-04-12 10:13:18,141 - Target log system for org.apache.velocity.runtime.log.AvalonLogChute is not available (java.lang.NoClassDefFoundError: org/apache/log/format/Formatter).  Falling back to next log system...
2016-04-12 10:13:18,141 - Trying to use logger class org.apache.velocity.runtime.log.Log4JLogChute
2016-04-12 10:13:18,141 - Using logger class org.apache.velocity.runtime.log.Log4JLogChute
2016-04-12 10:13:18,144 - ResourceLoader instantiated: org.apache.velocity.runtime.resource.loader.ClasspathResourceLoader
2016-04-12 10:13:18,158 - ResourceCache: initialized (class org.apache.velocity.runtime.resource.ResourceCacheImpl) with class java.util.Collections$SynchronizedMap cache map.
2016-04-12 10:13:18,159 - Loaded System Directive: org.apache.velocity.runtime.directive.Stop
2016-04-12 10:13:18,161 - Loaded System Directive: org.apache.velocity.runtime.directive.Define
2016-04-12 10:13:18,161 - Loaded System Directive: org.apache.velocity.runtime.directive.Break
2016-04-12 10:13:18,162 - Loaded System Directive: org.apache.velocity.runtime.directive.Evaluate
2016-04-12 10:13:18,163 - Loaded System Directive: org.apache.velocity.runtime.directive.Literal
2016-04-12 10:13:18,164 - Loaded System Directive: org.apache.velocity.runtime.directive.Macro
2016-04-12 10:13:18,166 - Loaded System Directive: org.apache.velocity.runtime.directive.Parse
2016-04-12 10:13:18,167 - Loaded System Directive: org.apache.velocity.runtime.directive.Include
2016-04-12 10:13:18,168 - Loaded System Directive: org.apache.velocity.runtime.directive.Foreach
2016-04-12 10:13:18,196 - Created '20' parsers.
2016-04-12 10:13:18,204 - Velocimacro : "velocimacro.library" is not set.  Trying default library: VM_global_library.vm
2016-04-12 10:13:18,205 - Could not load resource 'VM_global_library.vm' from ResourceLoader org.apache.velocity.runtime.resource.loader.ClasspathResourceLoader: ClasspathResourceLoader Error: cannot find resource VM_global_library.vm
2016-04-12 10:13:18,205 - Velocimacro : Default library not found.
2016-04-12 10:13:18,205 - Velocimacro : allowInline = true : VMs can be defined inline in templates
2016-04-12 10:13:18,205 - Velocimacro : allowInlineToOverride = false : VMs defined inline may NOT replace previous VM definitions
2016-04-12 10:13:18,205 - Velocimacro : allowInlineLocal = false : VMs defined inline will be global in scope if allowed.
2016-04-12 10:13:18,205 - Velocimacro : autoload off : VM system will not automatically reload global library macros
2016-04-12 10:13:18,207 - ResourceManager : unable to find resource 'mysource.busi.volecity.hellovelocity.vm' in any resource loader.
2016-04-12 10:15:07,926 - Log4JLogChute initialized using file 'velocity.log'
2016-04-12 10:15:07,927 - Initializing Velocity, Calling init()...
2016-04-12 10:15:07,927 - Starting Apache Velocity v1.7 (compiled: 2010-11-19 12:14:37)
2016-04-12 10:15:07,927 - Default Properties File: org\apache\velocity\runtime\defaults\velocity.properties
2016-04-12 10:15:07,927 - Trying to use logger class org.apache.velocity.runtime.log.AvalonLogChute
2016-04-12 10:15:07,927 - Target log system for org.apache.velocity.runtime.log.AvalonLogChute is not available (java.lang.NoClassDefFoundError: org/apache/log/format/Formatter).  Falling back to next log system...
2016-04-12 10:15:07,927 - Trying to use logger class org.apache.velocity.runtime.log.Log4JLogChute
2016-04-12 10:15:07,927 - Using logger class org.apache.velocity.runtime.log.Log4JLogChute
2016-04-12 10:15:07,930 - ResourceLoader instantiated: org.apache.velocity.runtime.resource.loader.ClasspathResourceLoader
2016-04-12 10:15:07,946 - ResourceCache: initialized (class org.apache.velocity.runtime.resource.ResourceCacheImpl) with class java.util.Collections$SynchronizedMap cache map.
2016-04-12 10:15:07,947 - Loaded System Directive: org.apache.velocity.runtime.directive.Stop
2016-04-12 10:15:07,949 - Loaded System Directive: org.apache.velocity.runtime.directive.Define
2016-04-12 10:15:07,949 - Loaded System Directive: org.apache.velocity.runtime.directive.Break
2016-04-12 10:15:07,950 - Loaded System Directive: org.apache.velocity.runtime.directive.Evaluate
2016-04-12 10:15:07,951 - Loaded System Directive: org.apache.velocity.runtime.directive.Literal
2016-04-12 10:15:07,952 - Loaded System Directive: org.apache.velocity.runtime.directive.Macro
2016-04-12 10:15:07,953 - Loaded System Directive: org.apache.velocity.runtime.directive.Parse
2016-04-12 10:15:07,955 - Loaded System Directive: org.apache.velocity.runtime.directive.Include
2016-04-12 10:15:07,956 - Loaded System Directive: org.apache.velocity.runtime.directive.Foreach
2016-04-12 10:15:07,985 - Created '20' parsers.
2016-04-12 10:15:07,993 - Velocimacro : "velocimacro.library" is not set.  Trying default library: VM_global_library.vm
2016-04-12 10:15:07,994 - Could not load resource 'VM_global_library.vm' from ResourceLoader org.apache.velocity.runtime.resource.loader.ClasspathResourceLoader: ClasspathResourceLoader Error: cannot find resource VM_global_library.vm
2016-04-12 10:15:07,994 - Velocimacro : Default library not found.
2016-04-12 10:15:07,994 - Velocimacro : allowInline = true : VMs can be defined inline in templates
2016-04-12 10:15:07,994 - Velocimacro : allowInlineToOverride = false : VMs defined inline may NOT replace previous VM definitions
2016-04-12 10:15:07,994 - Velocimacro : allowInlineLocal = false : VMs defined inline will be global in scope if allowed.
2016-04-12 10:15:07,994 - Velocimacro : autoload off : VM system will not automatically reload global library macros
2016-04-12 10:15:07,996 - ResourceManager : unable to find resource 'hellovelocity.vm' in any resource loader.
2016-04-12 10:15:57,539 - Log4JLogChute initialized using file 'velocity.log'
2016-04-12 10:15:57,540 - Initializing Velocity, Calling init()...
2016-04-12 10:15:57,540 - Starting Apache Velocity v1.7 (compiled: 2010-11-19 12:14:37)
2016-04-12 10:15:57,540 - Default Properties File: org\apache\velocity\runtime\defaults\velocity.properties
2016-04-12 10:15:57,540 - Trying to use logger class org.apache.velocity.runtime.log.AvalonLogChute
2016-04-12 10:15:57,540 - Target log system for org.apache.velocity.runtime.log.AvalonLogChute is not available (java.lang.NoClassDefFoundError: org/apache/log/format/Formatter).  Falling back to next log system...
2016-04-12 10:15:57,540 - Trying to use logger class org.apache.velocity.runtime.log.Log4JLogChute
2016-04-12 10:15:57,540 - Using logger class org.apache.velocity.runtime.log.Log4JLogChute
2016-04-12 10:15:57,543 - ResourceLoader instantiated: org.apache.velocity.runtime.resource.loader.ClasspathResourceLoader
2016-04-12 10:15:57,561 - ResourceCache: initialized (class org.apache.velocity.runtime.resource.ResourceCacheImpl) with class java.util.Collections$SynchronizedMap cache map.
2016-04-12 10:15:57,564 - Loaded System Directive: org.apache.velocity.runtime.directive.Stop
2016-04-12 10:15:57,565 - Loaded System Directive: org.apache.velocity.runtime.directive.Define
2016-04-12 10:15:57,566 - Loaded System Directive: org.apache.velocity.runtime.directive.Break
2016-04-12 10:15:57,567 - Loaded System Directive: org.apache.velocity.runtime.directive.Evaluate
2016-04-12 10:15:57,567 - Loaded System Directive: org.apache.velocity.runtime.directive.Literal
2016-04-12 10:15:57,569 - Loaded System Directive: org.apache.velocity.runtime.directive.Macro
2016-04-12 10:15:57,570 - Loaded System Directive: org.apache.velocity.runtime.directive.Parse
2016-04-12 10:15:57,572 - Loaded System Directive: org.apache.velocity.runtime.directive.Include
2016-04-12 10:15:57,573 - Loaded System Directive: org.apache.velocity.runtime.directive.Foreach
2016-04-12 10:15:57,603 - Created '20' parsers.
2016-04-12 10:15:57,613 - Velocimacro : "velocimacro.library" is not set.  Trying default library: VM_global_library.vm
2016-04-12 10:15:57,615 - Could not load resource 'VM_global_library.vm' from ResourceLoader org.apache.velocity.runtime.resource.loader.ClasspathResourceLoader: ClasspathResourceLoader Error: cannot find resource VM_global_library.vm
2016-04-12 10:15:57,615 - Velocimacro : Default library not found.
2016-04-12 10:15:57,615 - Velocimacro : allowInline = true : VMs can be defined inline in templates
2016-04-12 10:15:57,615 - Velocimacro : allowInlineToOverride = false : VMs defined inline may NOT replace previous VM definitions
2016-04-12 10:15:57,615 - Velocimacro : allowInlineLocal = false : VMs defined inline will be global in scope if allowed.
2016-04-12 10:15:57,615 - Velocimacro : autoload off : VM system will not automatically reload global library macros
2016-04-12 10:15:57,618 - ResourceManager : unable to find resource 'hellovelocity.vm' in any resource loader.
2016-04-12 10:16:15,850 - Log4JLogChute initialized using file 'velocity.log'
2016-04-12 10:16:15,851 - Initializing Velocity, Calling init()...
2016-04-12 10:16:15,851 - Starting Apache Velocity v1.7 (compiled: 2010-11-19 12:14:37)
2016-04-12 10:16:15,851 - Default Properties File: org\apache\velocity\runtime\defaults\velocity.properties
2016-04-12 10:16:15,851 - Trying to use logger class org.apache.velocity.runtime.log.AvalonLogChute
2016-04-12 10:16:15,851 - Target log system for org.apache.velocity.runtime.log.AvalonLogChute is not available (java.lang.NoClassDefFoundError: org/apache/log/format/Formatter).  Falling back to next log system...
2016-04-12 10:16:15,851 - Trying to use logger class org.apache.velocity.runtime.log.Log4JLogChute
2016-04-12 10:16:15,851 - Using logger class org.apache.velocity.runtime.log.Log4JLogChute
2016-04-12 10:16:15,854 - ResourceLoader instantiated: org.apache.velocity.runtime.resource.loader.ClasspathResourceLoader
2016-04-12 10:16:15,868 - ResourceCache: initialized (class org.apache.velocity.runtime.resource.ResourceCacheImpl) with class java.util.Collections$SynchronizedMap cache map.
2016-04-12 10:16:15,869 - Loaded System Directive: org.apache.velocity.runtime.directive.Stop
2016-04-12 10:16:15,870 - Loaded System Directive: org.apache.velocity.runtime.directive.Define
2016-04-12 10:16:15,871 - Loaded System Directive: org.apache.velocity.runtime.directive.Break
2016-04-12 10:16:15,872 - Loaded System Directive: org.apache.velocity.runtime.directive.Evaluate
2016-04-12 10:16:15,872 - Loaded System Directive: org.apache.velocity.runtime.directive.Literal
2016-04-12 10:16:15,874 - Loaded System Directive: org.apache.velocity.runtime.directive.Macro
2016-04-12 10:16:15,875 - Loaded System Directive: org.apache.velocity.runtime.directive.Parse
2016-04-12 10:16:15,876 - Loaded System Directive: org.apache.velocity.runtime.directive.Include
2016-04-12 10:16:15,877 - Loaded System Directive: org.apache.velocity.runtime.directive.Foreach
2016-04-12 10:16:15,906 - Created '20' parsers.
2016-04-12 10:16:15,914 - Velocimacro : "velocimacro.library" is not set.  Trying default library: VM_global_library.vm
2016-04-12 10:16:15,915 - Could not load resource 'VM_global_library.vm' from ResourceLoader org.apache.velocity.runtime.resource.loader.ClasspathResourceLoader: ClasspathResourceLoader Error: cannot find resource VM_global_library.vm
2016-04-12 10:16:15,915 - Velocimacro : Default library not found.
2016-04-12 10:16:15,915 - Velocimacro : allowInline = true : VMs can be defined inline in templates
2016-04-12 10:16:15,915 - Velocimacro : allowInlineToOverride = false : VMs defined inline may NOT replace previous VM definitions
2016-04-12 10:16:15,915 - Velocimacro : allowInlineLocal = false : VMs defined inline will be global in scope if allowed.
2016-04-12 10:16:15,915 - Velocimacro : autoload off : VM system will not automatically reload global library macros
2016-04-12 10:16:15,917 - ResourceManager : unable to find resource ':hellovelocity.vm' in any resource loader.
2016-04-12 10:19:03,756 - Log4JLogChute initialized using file 'velocity.log'
2016-04-12 10:19:03,757 - Initializing Velocity, Calling init()...
2016-04-12 10:19:03,757 - Starting Apache Velocity v1.7 (compiled: 2010-11-19 12:14:37)
2016-04-12 10:19:03,757 - Default Properties File: org\apache\velocity\runtime\defaults\velocity.properties
2016-04-12 10:19:03,757 - Trying to use logger class org.apache.velocity.runtime.log.AvalonLogChute
2016-04-12 10:19:03,757 - Target log system for org.apache.velocity.runtime.log.AvalonLogChute is not available (java.lang.NoClassDefFoundError: org/apache/log/format/Formatter).  Falling back to next log system...
2016-04-12 10:19:03,757 - Trying to use logger class org.apache.velocity.runtime.log.Log4JLogChute
2016-04-12 10:19:03,757 - Using logger class org.apache.velocity.runtime.log.Log4JLogChute
2016-04-12 10:19:03,760 - ResourceLoader instantiated: org.apache.velocity.runtime.resource.loader.ClasspathResourceLoader
2016-04-12 10:19:03,773 - ResourceCache: initialized (class org.apache.velocity.runtime.resource.ResourceCacheImpl) with class java.util.Collections$SynchronizedMap cache map.
2016-04-12 10:19:03,775 - Loaded System Directive: org.apache.velocity.runtime.directive.Stop
2016-04-12 10:19:03,776 - Loaded System Directive: org.apache.velocity.runtime.directive.Define
2016-04-12 10:19:03,777 - Loaded System Directive: org.apache.velocity.runtime.directive.Break
2016-04-12 10:19:03,778 - Loaded System Directive: org.apache.velocity.runtime.directive.Evaluate
2016-04-12 10:19:03,779 - Loaded System Directive: org.apache.velocity.runtime.directive.Literal
2016-04-12 10:19:03,780 - Loaded System Directive: org.apache.velocity.runtime.directive.Macro
2016-04-12 10:19:03,781 - Loaded System Directive: org.apache.velocity.runtime.directive.Parse
2016-04-12 10:19:03,783 - Loaded System Directive: org.apache.velocity.runtime.directive.Include
2016-04-12 10:19:03,784 - Loaded System Directive: org.apache.velocity.runtime.directive.Foreach
2016-04-12 10:19:03,812 - Created '20' parsers.
2016-04-12 10:19:03,820 - Velocimacro : "velocimacro.library" is not set.  Trying default library: VM_global_library.vm
2016-04-12 10:19:03,821 - Could not load resource 'VM_global_library.vm' from ResourceLoader org.apache.velocity.runtime.resource.loader.ClasspathResourceLoader: ClasspathResourceLoader Error: cannot find resource VM_global_library.vm
2016-04-12 10:19:03,821 - Velocimacro : Default library not found.
2016-04-12 10:19:03,821 - Velocimacro : allowInline = true : VMs can be defined inline in templates
2016-04-12 10:19:03,821 - Velocimacro : allowInlineToOverride = false : VMs defined inline may NOT replace previous VM definitions
2016-04-12 10:19:03,821 - Velocimacro : allowInlineLocal = false : VMs defined inline will be global in scope if allowed.
2016-04-12 10:19:03,821 - Velocimacro : autoload off : VM system will not automatically reload global library macros
2016-04-12 10:19:03,864 - ResourceManager : found /helloVolecity.vm with loader org.apache.velocity.runtime.resource.loader.ClasspathResourceLoader
2016-04-12 10:20:01,159 - Log4JLogChute initialized using file 'velocity.log'
2016-04-12 10:20:01,160 - Initializing Velocity, Calling init()...
2016-04-12 10:20:01,160 - Starting Apache Velocity v1.7 (compiled: 2010-11-19 12:14:37)
2016-04-12 10:20:01,160 - Default Properties File: org\apache\velocity\runtime\defaults\velocity.properties
2016-04-12 10:20:01,160 - Trying to use logger class org.apache.velocity.runtime.log.AvalonLogChute
2016-04-12 10:20:01,160 - Target log system for org.apache.velocity.runtime.log.AvalonLogChute is not available (java.lang.NoClassDefFoundError: org/apache/log/format/Formatter).  Falling back to next log system...
2016-04-12 10:20:01,160 - Trying to use logger class org.apache.velocity.runtime.log.Log4JLogChute
2016-04-12 10:20:01,160 - Using logger class org.apache.velocity.runtime.log.Log4JLogChute
2016-04-12 10:20:01,163 - ResourceLoader instantiated: org.apache.velocity.runtime.resource.loader.ClasspathResourceLoader
2016-04-12 10:20:01,176 - ResourceCache: initialized (class org.apache.velocity.runtime.resource.ResourceCacheImpl) with class java.util.Collections$SynchronizedMap cache map.
2016-04-12 10:20:01,178 - Loaded System Directive: org.apache.velocity.runtime.directive.Stop
2016-04-12 10:20:01,179 - Loaded System Directive: org.apache.velocity.runtime.directive.Define
2016-04-12 10:20:01,180 - Loaded System Directive: org.apache.velocity.runtime.directive.Break
2016-04-12 10:20:01,181 - Loaded System Directive: org.apache.velocity.runtime.directive.Evaluate
2016-04-12 10:20:01,182 - Loaded System Directive: org.apache.velocity.runtime.directive.Literal
2016-04-12 10:20:01,183 - Loaded System Directive: org.apache.velocity.runtime.directive.Macro
2016-04-12 10:20:01,184 - Loaded System Directive: org.apache.velocity.runtime.directive.Parse
2016-04-12 10:20:01,186 - Loaded System Directive: org.apache.velocity.runtime.directive.Include
2016-04-12 10:20:01,187 - Loaded System Directive: org.apache.velocity.runtime.directive.Foreach
2016-04-12 10:20:01,216 - Created '20' parsers.
2016-04-12 10:20:01,233 - Velocimacro : "velocimacro.library" is not set.  Trying default library: VM_global_library.vm
2016-04-12 10:20:01,234 - Could not load resource 'VM_global_library.vm' from ResourceLoader org.apache.velocity.runtime.resource.loader.ClasspathResourceLoader: ClasspathResourceLoader Error: cannot find resource VM_global_library.vm
2016-04-12 10:20:01,234 - Velocimacro : Default library not found.
2016-04-12 10:20:01,234 - Velocimacro : allowInline = true : VMs can be defined inline in templates
2016-04-12 10:20:01,234 - Velocimacro : allowInlineToOverride = false : VMs defined inline may NOT replace previous VM definitions
2016-04-12 10:20:01,234 - Velocimacro : allowInlineLocal = false : VMs defined inline will be global in scope if allowed.
2016-04-12 10:20:01,234 - Velocimacro : autoload off : VM system will not automatically reload global library macros
2016-04-12 10:20:01,285 - ResourceManager : unable to find resource '/helloVolecity.vm' in any resource loader.
2016-04-12 10:20:09,648 - Log4JLogChute initialized using file 'velocity.log'
2016-04-12 10:20:09,648 - Initializing Velocity, Calling init()...
2016-04-12 10:20:09,648 - Starting Apache Velocity v1.7 (compiled: 2010-11-19 12:14:37)
2016-04-12 10:20:09,648 - Default Properties File: org\apache\velocity\runtime\defaults\velocity.properties
2016-04-12 10:20:09,648 - Trying to use logger class org.apache.velocity.runtime.log.AvalonLogChute
2016-04-12 10:20:09,648 - Target log system for org.apache.velocity.runtime.log.AvalonLogChute is not available (java.lang.NoClassDefFoundError: org/apache/log/format/Formatter).  Falling back to next log system...
2016-04-12 10:20:09,648 - Trying to use logger class org.apache.velocity.runtime.log.Log4JLogChute
2016-04-12 10:20:09,648 - Using logger class org.apache.velocity.runtime.log.Log4JLogChute
2016-04-12 10:20:09,651 - ResourceLoader instantiated: org.apache.velocity.runtime.resource.loader.ClasspathResourceLoader
2016-04-12 10:20:09,666 - ResourceCache: initialized (class org.apache.velocity.runtime.resource.ResourceCacheImpl) with class java.util.Collections$SynchronizedMap cache map.
2016-04-12 10:20:09,668 - Loaded System Directive: org.apache.velocity.runtime.directive.Stop
2016-04-12 10:20:09,669 - Loaded System Directive: org.apache.velocity.runtime.directive.Define
2016-04-12 10:20:09,669 - Loaded System Directive: org.apache.velocity.runtime.directive.Break
2016-04-12 10:20:09,670 - Loaded System Directive: org.apache.velocity.runtime.directive.Evaluate
2016-04-12 10:20:09,671 - Loaded System Directive: org.apache.velocity.runtime.directive.Literal
2016-04-12 10:20:09,672 - Loaded System Directive: org.apache.velocity.runtime.directive.Macro
2016-04-12 10:20:09,673 - Loaded System Directive: org.apache.velocity.runtime.directive.Parse
2016-04-12 10:20:09,675 - Loaded System Directive: org.apache.velocity.runtime.directive.Include
2016-04-12 10:20:09,676 - Loaded System Directive: org.apache.velocity.runtime.directive.Foreach
2016-04-12 10:20:09,704 - Created '20' parsers.
2016-04-12 10:20:09,712 - Velocimacro : "velocimacro.library" is not set.  Trying default library: VM_global_library.vm
2016-04-12 10:20:09,712 - Could not load resource 'VM_global_library.vm' from ResourceLoader org.apache.velocity.runtime.resource.loader.ClasspathResourceLoader: ClasspathResourceLoader Error: cannot find resource VM_global_library.vm
2016-04-12 10:20:09,713 - Velocimacro : Default library not found.
2016-04-12 10:20:09,713 - Velocimacro : allowInline = true : VMs can be defined inline in templates
2016-04-12 10:20:09,713 - Velocimacro : allowInlineToOverride = false : VMs defined inline may NOT replace previous VM definitions
2016-04-12 10:20:09,713 - Velocimacro : allowInlineLocal = false : VMs defined inline will be global in scope if allowed.
2016-04-12 10:20:09,713 - Velocimacro : autoload off : VM system will not automatically reload global library macros
2016-04-12 10:20:09,715 - ResourceManager : unable to find resource 'helloVolecity.vm' in any resource loader.
2016-04-12 10:20:38,296 - Log4JLogChute initialized using file 'velocity.log'
2016-04-12 10:20:38,297 - Initializing Velocity, Calling init()...
2016-04-12 10:20:38,297 - Starting Apache Velocity v1.7 (compiled: 2010-11-19 12:14:37)
2016-04-12 10:20:38,297 - Default Properties File: org\apache\velocity\runtime\defaults\velocity.properties
2016-04-12 10:20:38,297 - Trying to use logger class org.apache.velocity.runtime.log.AvalonLogChute
2016-04-12 10:20:38,297 - Target log system for org.apache.velocity.runtime.log.AvalonLogChute is not available (java.lang.NoClassDefFoundError: org/apache/log/format/Formatter).  Falling back to next log system...
2016-04-12 10:20:38,297 - Trying to use logger class org.apache.velocity.runtime.log.Log4JLogChute
2016-04-12 10:20:38,297 - Using logger class org.apache.velocity.runtime.log.Log4JLogChute
2016-04-12 10:20:38,300 - ResourceLoader instantiated: org.apache.velocity.runtime.resource.loader.ClasspathResourceLoader
2016-04-12 10:20:38,314 - ResourceCache: initialized (class org.apache.velocity.runtime.resource.ResourceCacheImpl) with class java.util.Collections$SynchronizedMap cache map.
2016-04-12 10:20:38,316 - Loaded System Directive: org.apache.velocity.runtime.directive.Stop
2016-04-12 10:20:38,317 - Loaded System Directive: org.apache.velocity.runtime.directive.Define
2016-04-12 10:20:38,318 - Loaded System Directive: org.apache.velocity.runtime.directive.Break
2016-04-12 10:20:38,319 - Loaded System Directive: org.apache.velocity.runtime.directive.Evaluate
2016-04-12 10:20:38,320 - Loaded System Directive: org.apache.velocity.runtime.directive.Literal
2016-04-12 10:20:38,321 - Loaded System Directive: org.apache.velocity.runtime.directive.Macro
2016-04-12 10:20:38,322 - Loaded System Directive: org.apache.velocity.runtime.directive.Parse
2016-04-12 10:20:38,324 - Loaded System Directive: org.apache.velocity.runtime.directive.Include
2016-04-12 10:20:38,325 - Loaded System Directive: org.apache.velocity.runtime.directive.Foreach
2016-04-12 10:20:38,353 - Created '20' parsers.
2016-04-12 10:20:38,363 - Velocimacro : "velocimacro.library" is not set.  Trying default library: VM_global_library.vm
2016-04-12 10:20:38,363 - Could not load resource 'VM_global_library.vm' from ResourceLoader org.apache.velocity.runtime.resource.loader.ClasspathResourceLoader: ClasspathResourceLoader Error: cannot find resource VM_global_library.vm
2016-04-12 10:20:38,363 - Velocimacro : Default library not found.
2016-04-12 10:20:38,363 - Velocimacro : allowInline = true : VMs can be defined inline in templates
2016-04-12 10:20:38,364 - Velocimacro : allowInlineToOverride = false : VMs defined inline may NOT replace previous VM definitions
2016-04-12 10:20:38,364 - Velocimacro : allowInlineLocal = false : VMs defined inline will be global in scope if allowed.
2016-04-12 10:20:38,364 - Velocimacro : autoload off : VM system will not automatically reload global library macros
2016-04-12 10:20:38,411 - ResourceManager : found /mysource/busi/volecity/helloVolecity.vm with loader org.apache.velocity.runtime.resource.loader.ClasspathResourceLoader
